<?xml version="1.0" encoding="UTF-8"?>
<!-- Generated by org.testng.reporters.JUnitXMLReporter -->
<testsuite ignored="0" hostname="DESKTOP-1VAV4VA" failures="0" tests="10" name="Default test" time="5.652" errors="0" timestamp="2021-02-16T18:12:14 IST">
  <testcase classname="studentApiTest.GetAPITests" name="getAllCustomers" time="1.093"/>
  <testcase classname="studentApiTest.GetAPITests" name="getAllProducts" time="0.253"/>
  <testcase classname="studentApiTest.GetAPITests" name="getAllVendors" time="0.409"/>
  <testcase classname="studentApiTest.GetAPITests" name="getCompanyName" time="0.201"/>
  <testcase classname="studentApiTest.GetAPITests" name="getItemDetails" time="0.215"/>
  <testcase classname="studentApiTest.GetAPITests" name="getSingleCustomer" time="0.93"/>
  <testcase classname="studentApiTest.GetAPITests" name="getSingleItem" time="0.63"/>
  <testcase classname="studentApiTest.GetAPITests" name="getSingleProduct" time="0.629"/>
  <testcase classname="studentApiTest.GetAPITests" name="getSingleVendor" time="0.691"/>
  <testcase classname="studentApiTest.GetAPITests" name="getVendorDetails" time="0.181"/>
</testsuite> <!-- Default test -->
