<?xml version="1.0" encoding="UTF-8"?>
<!-- Generated by org.testng.reporters.JUnitXMLReporter -->
<testsuite ignored="0" hostname="DESKTOP-1VAV4VA" failures="0" tests="15" name="Test" time="7.95" errors="0" timestamp="2021-02-19T11:05:27 IST">
  <testcase classname="studentApiTest.GetAPITests" name="getAllCustomers" time="1.153"/>
  <testcase classname="studentApiTest.GetAPITests" name="getAllProducts" time="0.26"/>
  <testcase classname="studentApiTest.GetAPITests" name="getAllVendors" time="0.408"/>
  <testcase classname="studentApiTest.GetAPITests" name="getCompanyName" time="0.203"/>
  <testcase classname="studentApiTest.GetAPITests" name="getItemDetails" time="0.235"/>
  <testcase classname="studentApiTest.GetAPITests" name="getSingleCustomer" time="0.943"/>
  <testcase classname="studentApiTest.GetAPITests" name="getSingleItem" time="0.637"/>
  <testcase classname="studentApiTest.GetAPITests" name="getSingleProduct" time="0.656"/>
  <testcase classname="studentApiTest.GetAPITests" name="getSingleVendor" time="0.651"/>
  <testcase classname="studentApiTest.GetAPITests" name="getVendorDetails" time="0.206"/>
  <testcase classname="studentApiTest.PostAPITest" name="postCustomer" time="0.435"/>
  <testcase classname="studentApiTest.PostAPITest" name="postVendor" time="0.207"/>
  <testcase classname="studentApiTest.PostAPITest" name="productpostVendor" time="0.213"/>
  <testcase classname="studentApiTest.PutAPITest" name="putProduct" time="0.649"/>
  <testcase classname="studentApiTest.PutAPITest" name="putVendor" time="0.652"/>
</testsuite> <!-- Test -->
