<?xml version="1.0" encoding="UTF-8"?>
<!-- Generated by org.testng.reporters.JUnitXMLReporter -->
<testsuite ignored="0" hostname="DESKTOP-1VAV4VA" failures="0" tests="15" name="Test" time="8.749" errors="0" timestamp="2021-02-18T16:45:46 IST">
  <testcase classname="studentApiTest.GetAPITests" name="getAllCustomers" time="1.074"/>
  <testcase classname="studentApiTest.GetAPITests" name="getAllProducts" time="0.265"/>
  <testcase classname="studentApiTest.GetAPITests" name="getAllVendors" time="0.433"/>
  <testcase classname="studentApiTest.GetAPITests" name="getCompanyName" time="0.233"/>
  <testcase classname="studentApiTest.GetAPITests" name="getItemDetails" time="0.255"/>
  <testcase classname="studentApiTest.GetAPITests" name="getSingleCustomer" time="1.084"/>
  <testcase classname="studentApiTest.GetAPITests" name="getSingleItem" time="0.812"/>
  <testcase classname="studentApiTest.GetAPITests" name="getSingleProduct" time="0.767"/>
  <testcase classname="studentApiTest.GetAPITests" name="getSingleVendor" time="0.752"/>
  <testcase classname="studentApiTest.GetAPITests" name="getVendorDetails" time="0.22"/>
  <testcase classname="studentApiTest.PostAPITest" name="postCustomer" time="0.396"/>
  <testcase classname="studentApiTest.PostAPITest" name="postVendor" time="0.23"/>
  <testcase classname="studentApiTest.PostAPITest" name="productpostVendor" time="0.247"/>
  <testcase classname="studentApiTest.PutAPITest" name="putProduct" time="0.747"/>
  <testcase classname="studentApiTest.PutAPITest" name="putVendor" time="0.775"/>
</testsuite> <!-- Test -->
