<?xml version="1.0" encoding="UTF-8"?>
<testng-results ignored="0" total="15" passed="15" failed="0" skipped="0">
  <reporter-output>
  </reporter-output>
  <suite started-at="2021-02-17T11:54:40 IST" name="Suite" finished-at="2021-02-17T11:54:49 IST" duration-ms="8775">
    <groups>
    </groups>
    <test started-at="2021-02-17T11:54:40 IST" name="Test" finished-at="2021-02-17T11:54:49 IST" duration-ms="8775">
      <class name="studentApiTest.PutAPITest">
        <test-method is-config="true" signature="baseTest()[pri:0, instance:studentApiTest.PutAPITest@625732]" started-at="2021-02-17T11:54:48 IST" name="baseTest" finished-at="2021-02-17T11:54:48 IST" duration-ms="0" status="PASS">
          <reporter-output>
          </reporter-output>
        </test-method> <!-- baseTest -->
        <test-method signature="putProduct()[pri:0, instance:studentApiTest.PutAPITest@625732]" started-at="2021-02-17T11:54:48 IST" name="putProduct" finished-at="2021-02-17T11:54:49 IST" duration-ms="751" status="PASS">
          <reporter-output>
          </reporter-output>
        </test-method> <!-- putProduct -->
        <test-method signature="putVendor()[pri:0, instance:studentApiTest.PutAPITest@625732]" started-at="2021-02-17T11:54:49 IST" name="putVendor" finished-at="2021-02-17T11:54:49 IST" duration-ms="720" status="PASS">
          <reporter-output>
          </reporter-output>
        </test-method> <!-- putVendor -->
      </class> <!-- studentApiTest.PutAPITest -->
      <class name="studentApiTest.PostAPITest">
        <test-method is-config="true" signature="baseTest()[pri:0, instance:studentApiTest.PostAPITest@120f102b]" started-at="2021-02-17T11:54:47 IST" name="baseTest" finished-at="2021-02-17T11:54:47 IST" duration-ms="1" status="PASS">
          <reporter-output>
          </reporter-output>
        </test-method> <!-- baseTest -->
        <test-method signature="postCustomer()[pri:0, instance:studentApiTest.PostAPITest@120f102b]" started-at="2021-02-17T11:54:47 IST" name="postCustomer" finished-at="2021-02-17T11:54:47 IST" duration-ms="448" status="PASS">
          <reporter-output>
          </reporter-output>
        </test-method> <!-- postCustomer -->
        <test-method signature="postVendor()[pri:0, instance:studentApiTest.PostAPITest@120f102b]" started-at="2021-02-17T11:54:47 IST" name="postVendor" finished-at="2021-02-17T11:54:48 IST" duration-ms="214" status="PASS">
          <reporter-output>
          </reporter-output>
        </test-method> <!-- postVendor -->
        <test-method signature="productpostVendor()[pri:0, instance:studentApiTest.PostAPITest@120f102b]" started-at="2021-02-17T11:54:48 IST" name="productpostVendor" finished-at="2021-02-17T11:54:48 IST" duration-ms="233" status="PASS">
          <reporter-output>
          </reporter-output>
        </test-method> <!-- productpostVendor -->
      </class> <!-- studentApiTest.PostAPITest -->
      <class name="studentApiTest.GetAPITests">
        <test-method is-config="true" signature="baseTest()[pri:0, instance:studentApiTest.GetAPITests@41fecb8b]" started-at="2021-02-17T11:54:41 IST" name="baseTest" finished-at="2021-02-17T11:54:41 IST" duration-ms="286" status="PASS">
          <reporter-output>
          </reporter-output>
        </test-method> <!-- baseTest -->
        <test-method signature="getAllCustomers()[pri:0, instance:studentApiTest.GetAPITests@41fecb8b]" started-at="2021-02-17T11:54:41 IST" name="getAllCustomers" finished-at="2021-02-17T11:54:42 IST" duration-ms="1159" status="PASS">
          <reporter-output>
          </reporter-output>
        </test-method> <!-- getAllCustomers -->
        <test-method signature="getAllProducts()[pri:0, instance:studentApiTest.GetAPITests@41fecb8b]" started-at="2021-02-17T11:54:42 IST" name="getAllProducts" finished-at="2021-02-17T11:54:42 IST" duration-ms="281" status="PASS">
          <reporter-output>
          </reporter-output>
        </test-method> <!-- getAllProducts -->
        <test-method signature="getAllVendors()[pri:0, instance:studentApiTest.GetAPITests@41fecb8b]" started-at="2021-02-17T11:54:42 IST" name="getAllVendors" finished-at="2021-02-17T11:54:43 IST" duration-ms="451" status="PASS">
          <reporter-output>
          </reporter-output>
        </test-method> <!-- getAllVendors -->
        <test-method signature="getCompanyName()[pri:0, instance:studentApiTest.GetAPITests@41fecb8b]" started-at="2021-02-17T11:54:43 IST" name="getCompanyName" finished-at="2021-02-17T11:54:43 IST" duration-ms="223" status="PASS">
          <reporter-output>
          </reporter-output>
        </test-method> <!-- getCompanyName -->
        <test-method signature="getItemDetails()[pri:0, instance:studentApiTest.GetAPITests@41fecb8b]" started-at="2021-02-17T11:54:43 IST" name="getItemDetails" finished-at="2021-02-17T11:54:43 IST" duration-ms="251" status="PASS">
          <reporter-output>
          </reporter-output>
        </test-method> <!-- getItemDetails -->
        <test-method signature="getSingleCustomer()[pri:0, instance:studentApiTest.GetAPITests@41fecb8b]" started-at="2021-02-17T11:54:43 IST" name="getSingleCustomer" finished-at="2021-02-17T11:54:44 IST" duration-ms="1035" status="PASS">
          <reporter-output>
          </reporter-output>
        </test-method> <!-- getSingleCustomer -->
        <test-method signature="getSingleItem()[pri:0, instance:studentApiTest.GetAPITests@41fecb8b]" started-at="2021-02-17T11:54:44 IST" name="getSingleItem" finished-at="2021-02-17T11:54:45 IST" duration-ms="720" status="PASS">
          <reporter-output>
          </reporter-output>
        </test-method> <!-- getSingleItem -->
        <test-method signature="getSingleProduct()[pri:0, instance:studentApiTest.GetAPITests@41fecb8b]" started-at="2021-02-17T11:54:45 IST" name="getSingleProduct" finished-at="2021-02-17T11:54:46 IST" duration-ms="741" status="PASS">
          <reporter-output>
          </reporter-output>
        </test-method> <!-- getSingleProduct -->
        <test-method signature="getSingleVendor()[pri:0, instance:studentApiTest.GetAPITests@41fecb8b]" started-at="2021-02-17T11:54:46 IST" name="getSingleVendor" finished-at="2021-02-17T11:54:47 IST" duration-ms="699" status="PASS">
          <reporter-output>
          </reporter-output>
        </test-method> <!-- getSingleVendor -->
        <test-method signature="getVendorDetails()[pri:0, instance:studentApiTest.GetAPITests@41fecb8b]" started-at="2021-02-17T11:54:47 IST" name="getVendorDetails" finished-at="2021-02-17T11:54:47 IST" duration-ms="230" status="PASS">
          <reporter-output>
          </reporter-output>
        </test-method> <!-- getVendorDetails -->
      </class> <!-- studentApiTest.GetAPITests -->
    </test> <!-- Test -->
  </suite> <!-- Suite -->
</testng-results>
